<?xml version="1.0" encoding="UTF-8"?>
<testsuite xmlns:xsi="http://www.w3.org/2001/XMLSchema-instance" xsi:noNamespaceSchemaLocation="https://maven.apache.org/surefire/maven-surefire-plugin/xsd/surefire-test-report.xsd" version="3.0.2" name="fr.simplon.brief20.Brief20ApplicationTests" time="14.912" tests="1" errors="0" skipped="0" failures="0">
  <properties>
[...]
</properties>
  <testcase name="contextLoads" classname="fr.simplon.brief20.Brief20ApplicationTests" time="2.131">
    <system-out><![CDATA[15:09:48.296 [main] INFO org.springframework.test.context.support.AnnotationConfigContextLoaderUtils -- Could not detect default configuration classes for test class [fr.simplon.brief20.Brief20ApplicationTests]: Brief20ApplicationTests does not declare any static, non-private, non-final, nested classes annotated with @Configuration.
15:09:48.682 [main] INFO org.springframework.boot.test.context.SpringBootTestContextBootstrapper -- Found @SpringBootConfiguration fr.simplon.brief20.Brief20Application for test class fr.simplon.brief20.Brief20ApplicationTests

  .   ____          _            __ _ _
 /\\ / ___'_ __ _ _(_)_ __  __ _ \ \ \ \
( ( )\___ | '_ | '_| | '_ \/ _` | \ \ \ \
 \\/  ___)| |_)| | | | | || (_| |  ) ) ) )
  '  |____| .__|_| |_|_| |_\__, | / / / /
 =========|_|==============|___/=/_/_/_/

 :: Spring Boot ::                (v3.4.5)

2025-04-30T15:09:49.884+02:00  INFO 32900 --- [brief20] [           main] f.s.brief20.Brief20ApplicationTests      : Starting Brief20ApplicationTests using Java 21.0.2 with PID 32900 (started by 57522J in C:\workspaces\Brief20_yaCRM_RGPD_Eco-conception)
2025-04-30T15:09:49.886+02:00  INFO 32900 --- [brief20] [           main] f.s.brief20.Brief20ApplicationTests      : No active profile set, falling back to 1 default profile: "default"
2025-04-30T15:09:51.796+02:00  INFO 32900 --- [brief20] [           main] .s.d.r.c.RepositoryConfigurationDelegate : Multiple Spring Data modules found, entering strict repository configuration mode
2025-04-30T15:09:51.799+02:00  INFO 32900 --- [brief20] [           main] .s.d.r.c.RepositoryConfigurationDelegate : Bootstrapping Spring Data JDBC repositories in DEFAULT mode.
2025-04-30T15:09:51.864+02:00  INFO 32900 --- [brief20] [           main] .RepositoryConfigurationExtensionSupport : Spring Data JDBC - Could not safely identify store assignment for repository candidate interface fr.simplon.brief20.repository.DocumentRepository; If you want this repository to be a JDBC repository, consider annotating your entities with one of these annotations: org.springframework.data.relational.core.mapping.Table.
2025-04-30T15:09:51.868+02:00  INFO 32900 --- [brief20] [           main] .RepositoryConfigurationExtensionSupport : Spring Data JDBC - Could not safely identify store assignment for repository candidate interface fr.simplon.brief20.repository.MeetingRepository; If you want this repository to be a JDBC repository, consider annotating your entities with one of these annotations: org.springframework.data.relational.core.mapping.Table.
2025-04-30T15:09:51.871+02:00  INFO 32900 --- [brief20] [           main] .RepositoryConfigurationExtensionSupport : Spring Data JDBC - Could not safely identify store assignment for repository candidate interface fr.simplon.brief20.repository.NotificationRepository; If you want this repository to be a JDBC repository, consider annotating your entities with one of these annotations: org.springframework.data.relational.core.mapping.Table.
2025-04-30T15:09:51.873+02:00  INFO 32900 --- [brief20] [           main] .RepositoryConfigurationExtensionSupport : Spring Data JDBC - Could not safely identify store assignment for repository candidate interface fr.simplon.brief20.repository.UserRepository; If you want this repository to be a JDBC repository, consider annotating your entities with one of these annotations: org.springframework.data.relational.core.mapping.Table.
2025-04-30T15:09:51.874+02:00  INFO 32900 --- [brief20] [           main] .s.d.r.c.RepositoryConfigurationDelegate : Finished Spring Data repository scanning in 64 ms. Found 0 JDBC repository interfaces.
2025-04-30T15:09:51.897+02:00  INFO 32900 --- [brief20] [           main] .s.d.r.c.RepositoryConfigurationDelegate : Multiple Spring Data modules found, entering strict repository configuration mode
2025-04-30T15:09:51.899+02:00  INFO 32900 --- [brief20] [           main] .s.d.r.c.RepositoryConfigurationDelegate : Bootstrapping Spring Data JPA repositories in DEFAULT mode.
2025-04-30T15:09:52.113+02:00  INFO 32900 --- [brief20] [           main] .s.d.r.c.RepositoryConfigurationDelegate : Finished Spring Data repository scanning in 204 ms. Found 4 JPA repository interfaces.
2025-04-30T15:09:53.201+02:00  INFO 32900 --- [brief20] [           main] o.hibernate.jpa.internal.util.LogHelper  : HHH000204: Processing PersistenceUnitInfo [name: default]
2025-04-30T15:09:53.363+02:00  INFO 32900 --- [brief20] [           main] org.hibernate.Version                    : HHH000412: Hibernate ORM core version 6.6.13.Final
2025-04-30T15:09:53.481+02:00  INFO 32900 --- [brief20] [           main] o.h.c.internal.RegionFactoryInitiator    : HHH000026: Second-level cache disabled
2025-04-30T15:09:54.194+02:00  INFO 32900 --- [brief20] [           main] o.s.o.j.p.SpringPersistenceUnitInfo      : No LoadTimeWeaver setup: ignoring JPA class transformer
2025-04-30T15:09:54.262+02:00  INFO 32900 --- [brief20] [           main] com.zaxxer.hikari.HikariDataSource       : HikariPool-1 - Starting...
2025-04-30T15:09:54.737+02:00  INFO 32900 --- [brief20] [           main] com.zaxxer.hikari.pool.HikariPool        : HikariPool-1 - Added connection org.postgresql.jdbc.PgConnection@2cdb5974
2025-04-30T15:09:54.740+02:00  INFO 32900 --- [brief20] [           main] com.zaxxer.hikari.HikariDataSource       : HikariPool-1 - Start completed.
2025-04-30T15:09:54.802+02:00  WARN 32900 --- [brief20] [           main] org.hibernate.orm.deprecation            : HHH90000025: PostgreSQLDialect does not need to be specified explicitly using 'hibernate.dialect' (remove the property setting and it will be selected by default)
2025-04-30T15:09:54.835+02:00  INFO 32900 --- [brief20] [           main] org.hibernate.orm.connections.pooling    : HHH10001005: Database info:
	Database JDBC URL [Connecting through datasource 'HikariDataSource (HikariPool-1)']
	Database driver: undefined/unknown
	Database version: 16.2
	Autocommit mode: undefined/unknown
	Isolation level: undefined/unknown
	Minimum pool size: undefined/unknown
	Maximum pool size: undefined/unknown
2025-04-30T15:09:56.741+02:00  INFO 32900 --- [brief20] [           main] o.h.m.i.EntityInstantiatorPojoStandard   : HHH000182: No default (no-argument) constructor for class: fr.simplon.brief20.model.Notification (class must be instantiated by Interceptor)
2025-04-30T15:09:57.225+02:00  INFO 32900 --- [brief20] [           main] o.h.e.t.j.p.i.JtaPlatformInitiator       : HHH000489: No JTA platform available (set 'hibernate.transaction.jta.platform' to enable JTA platform integration)
2025-04-30T15:09:57.719+02:00  INFO 32900 --- [brief20] [           main] j.LocalContainerEntityManagerFactoryBean : Initialized JPA EntityManagerFactory for persistence unit 'default'
2025-04-30T15:09:58.766+02:00  WARN 32900 --- [brief20] [           main] JpaBaseConfiguration$JpaWebConfiguration : spring.jpa.open-in-view is enabled by default. Therefore, database queries may be performed during view rendering. Explicitly configure spring.jpa.open-in-view to disable this warning
2025-04-30T15:09:58.908+02:00  INFO 32900 --- [brief20] [           main] r$InitializeUserDetailsManagerConfigurer : Global AuthenticationManager configured with UserDetailsService bean with name userDetailsService
2025-04-30T15:10:00.637+02:00  INFO 32900 --- [brief20] [           main] f.s.brief20.Brief20ApplicationTests      : Started Brief20ApplicationTests in 11.57 seconds (process running for 13.926)
]]></system-out>
    <system-err><![CDATA[Mockito is currently self-attaching to enable the inline-mock-maker. This will no longer work in future releases of the JDK. Please add Mockito as an agent to your build what is described in Mockito's documentation: https://javadoc.io/doc/org.mockito/mockito-core/latest/org/mockito/Mockito.html#0.3
WARNING: A Java agent has been loaded dynamically (C:\Users\57522J\.m2\repository\net\bytebuddy\byte-buddy-agent\1.15.11\byte-buddy-agent-1.15.11.jar)
WARNING: If a serviceability tool is in use, please run with -XX:+EnableDynamicAgentLoading to hide this warning
WARNING: If a serviceability tool is not in use, please run with -Djdk.instrument.traceUsage for more information
WARNING: Dynamic loading of agents will be disallowed by default in a future release
]]></system-err>
  </testcase>
</testsuite>